<?xml version="1.0" encoding="UTF-8"?>
<!-- Generated by org.testng.reporters.JUnitXMLReporter -->
<testsuite ignored="2" hostname="ADMIN" failures="0" tests="1" name="FirefoxTest" time="48.087" errors="0" timestamp="2023-02-15T14:40:28 IST">
  <testcase classname="TestNGPack.InstagramTestNGPack2" name="verifyCookiesPolicy" time="9.599"/>
  <testcase classname="TestNGPack.InstagramTestNGPack1" name="signUpLink" time="0.0">
    <ignored/>
  </testcase> <!-- signUpLink -->
  <testcase classname="TestNGPack.InstagramTestNGPack1" name="getItFromMicrosoft" time="0.0">
    <ignored/>
  </testcase> <!-- getItFromMicrosoft -->
</testsuite> <!-- FirefoxTest -->
